[2018-07-10 01:43:07] (ERROR @ /home/s/skorpmax/kuhni.m-kit.by_modx/public_html/core/model/modx/modcachemanager.class.php : 344) Error caching lexicon topic lexicon/en/core/default
[2018-07-10 01:53:33] (ERROR @ /home/s/skorpmax/kuhni.m-kit.by_modx/public_html/core/components/gallery/processors/mgr/item/ajaxupload.php : 75) [Gallery] Album Type: 1
[2018-07-10 01:53:43] (ERROR @ /home/s/skorpmax/kuhni.m-kit.by_modx/public_html/core/components/gallery/processors/mgr/item/ajaxupload.php : 75) [Gallery] Album Type: 1
[2018-07-10 01:53:43] (ERROR @ /home/s/skorpmax/kuhni.m-kit.by_modx/public_html/core/components/gallery/model/gallery/galalbum.class.php : 206) [Gallery] Could not create directory (possibly already exists?): assets/gallery/1/
[2018-07-10 01:53:50] (ERROR @ /home/s/skorpmax/kuhni.m-kit.by_modx/public_html/core/components/gallery/processors/mgr/item/ajaxupload.php : 75) [Gallery] Album Type: 1
[2018-07-10 01:53:50] (ERROR @ /home/s/skorpmax/kuhni.m-kit.by_modx/public_html/core/components/gallery/model/gallery/galalbum.class.php : 206) [Gallery] Could not create directory (possibly already exists?): assets/gallery/1/
[2018-07-10 01:53:57] (ERROR @ /home/s/skorpmax/kuhni.m-kit.by_modx/public_html/core/components/gallery/processors/mgr/item/ajaxupload.php : 75) [Gallery] Album Type: 1
[2018-07-10 01:53:57] (ERROR @ /home/s/skorpmax/kuhni.m-kit.by_modx/public_html/core/components/gallery/model/gallery/galalbum.class.php : 206) [Gallery] Could not create directory (possibly already exists?): assets/gallery/1/
[2018-07-10 01:54:05] (ERROR @ /home/s/skorpmax/kuhni.m-kit.by_modx/public_html/core/components/gallery/processors/mgr/item/ajaxupload.php : 75) [Gallery] Album Type: 1
[2018-07-10 01:54:05] (ERROR @ /home/s/skorpmax/kuhni.m-kit.by_modx/public_html/core/components/gallery/model/gallery/galalbum.class.php : 206) [Gallery] Could not create directory (possibly already exists?): assets/gallery/1/
[2018-07-10 01:54:13] (ERROR @ /home/s/skorpmax/kuhni.m-kit.by_modx/public_html/core/components/gallery/processors/mgr/item/ajaxupload.php : 75) [Gallery] Album Type: 1
[2018-07-10 01:54:13] (ERROR @ /home/s/skorpmax/kuhni.m-kit.by_modx/public_html/core/components/gallery/model/gallery/galalbum.class.php : 206) [Gallery] Could not create directory (possibly already exists?): assets/gallery/1/
[2018-07-10 01:54:25] (ERROR @ /home/s/skorpmax/kuhni.m-kit.by_modx/public_html/core/components/gallery/processors/mgr/item/ajaxupload.php : 75) [Gallery] Album Type: 1
[2018-07-10 01:54:25] (ERROR @ /home/s/skorpmax/kuhni.m-kit.by_modx/public_html/core/components/gallery/model/gallery/galalbum.class.php : 206) [Gallery] Could not create directory (possibly already exists?): assets/gallery/1/
[2018-07-10 01:54:31] (ERROR @ /home/s/skorpmax/kuhni.m-kit.by_modx/public_html/core/components/gallery/processors/mgr/item/ajaxupload.php : 75) [Gallery] Album Type: 1
[2018-07-10 01:54:31] (ERROR @ /home/s/skorpmax/kuhni.m-kit.by_modx/public_html/core/components/gallery/model/gallery/galalbum.class.php : 206) [Gallery] Could not create directory (possibly already exists?): assets/gallery/1/
[2018-07-10 01:54:41] (ERROR @ /home/s/skorpmax/kuhni.m-kit.by_modx/public_html/core/components/gallery/processors/mgr/item/ajaxupload.php : 75) [Gallery] Album Type: 1
[2018-07-10 01:54:41] (ERROR @ /home/s/skorpmax/kuhni.m-kit.by_modx/public_html/core/components/gallery/model/gallery/galalbum.class.php : 206) [Gallery] Could not create directory (possibly already exists?): assets/gallery/1/
[2018-07-10 01:54:41] (ERROR @ /home/s/skorpmax/kuhni.m-kit.by_modx/public_html/core/components/gallery/processors/mgr/item/ajaxupload.php : 75) [Gallery] Album Type: 1
[2018-07-10 01:54:41] (ERROR @ /home/s/skorpmax/kuhni.m-kit.by_modx/public_html/core/components/gallery/model/gallery/galalbum.class.php : 206) [Gallery] Could not create directory (possibly already exists?): assets/gallery/1/
[2018-07-10 01:54:47] (ERROR @ /home/s/skorpmax/kuhni.m-kit.by_modx/public_html/core/components/gallery/processors/mgr/item/ajaxupload.php : 75) [Gallery] Album Type: 1
[2018-07-10 01:54:47] (ERROR @ /home/s/skorpmax/kuhni.m-kit.by_modx/public_html/core/components/gallery/model/gallery/galalbum.class.php : 206) [Gallery] Could not create directory (possibly already exists?): assets/gallery/1/
[2018-07-10 01:54:47] (ERROR @ /home/s/skorpmax/kuhni.m-kit.by_modx/public_html/core/components/gallery/processors/mgr/item/ajaxupload.php : 75) [Gallery] Album Type: 1
[2018-07-10 01:54:47] (ERROR @ /home/s/skorpmax/kuhni.m-kit.by_modx/public_html/core/components/gallery/model/gallery/galalbum.class.php : 206) [Gallery] Could not create directory (possibly already exists?): assets/gallery/1/
[2018-07-10 01:54:48] (ERROR @ /home/s/skorpmax/kuhni.m-kit.by_modx/public_html/core/components/gallery/processors/mgr/item/ajaxupload.php : 75) [Gallery] Album Type: 1
[2018-07-10 01:54:48] (ERROR @ /home/s/skorpmax/kuhni.m-kit.by_modx/public_html/core/components/gallery/model/gallery/galalbum.class.php : 206) [Gallery] Could not create directory (possibly already exists?): assets/gallery/1/
[2018-07-10 01:54:49] (ERROR @ /home/s/skorpmax/kuhni.m-kit.by_modx/public_html/core/components/gallery/processors/mgr/item/ajaxupload.php : 75) [Gallery] Album Type: 1
[2018-07-10 01:54:49] (ERROR @ /home/s/skorpmax/kuhni.m-kit.by_modx/public_html/core/components/gallery/model/gallery/galalbum.class.php : 206) [Gallery] Could not create directory (possibly already exists?): assets/gallery/1/
[2018-07-10 01:54:52] (ERROR @ /home/s/skorpmax/kuhni.m-kit.by_modx/public_html/core/components/gallery/processors/mgr/item/ajaxupload.php : 75) [Gallery] Album Type: 1
[2018-07-10 01:54:52] (ERROR @ /home/s/skorpmax/kuhni.m-kit.by_modx/public_html/core/components/gallery/model/gallery/galalbum.class.php : 206) [Gallery] Could not create directory (possibly already exists?): assets/gallery/1/
[2018-07-10 01:55:00] (ERROR @ /home/s/skorpmax/kuhni.m-kit.by_modx/public_html/core/components/gallery/processors/mgr/item/ajaxupload.php : 75) [Gallery] Album Type: 1
[2018-07-10 01:55:00] (ERROR @ /home/s/skorpmax/kuhni.m-kit.by_modx/public_html/core/components/gallery/model/gallery/galalbum.class.php : 206) [Gallery] Could not create directory (possibly already exists?): assets/gallery/1/
[2018-07-10 01:55:00] (ERROR @ /home/s/skorpmax/kuhni.m-kit.by_modx/public_html/core/components/gallery/processors/mgr/item/ajaxupload.php : 75) [Gallery] Album Type: 1
[2018-07-10 01:55:00] (ERROR @ /home/s/skorpmax/kuhni.m-kit.by_modx/public_html/core/components/gallery/model/gallery/galalbum.class.php : 206) [Gallery] Could not create directory (possibly already exists?): assets/gallery/1/
[2018-07-10 01:55:20] (ERROR @ /home/s/skorpmax/kuhni.m-kit.by_modx/public_html/core/components/gallery/processors/mgr/item/ajaxupload.php : 75) [Gallery] Album Type: 1
[2018-07-10 01:55:20] (ERROR @ /home/s/skorpmax/kuhni.m-kit.by_modx/public_html/core/components/gallery/model/gallery/galalbum.class.php : 206) [Gallery] Could not create directory (possibly already exists?): assets/gallery/1/
[2018-07-10 01:55:22] (ERROR @ /home/s/skorpmax/kuhni.m-kit.by_modx/public_html/core/components/gallery/processors/mgr/item/ajaxupload.php : 75) [Gallery] Album Type: 1
[2018-07-10 01:55:22] (ERROR @ /home/s/skorpmax/kuhni.m-kit.by_modx/public_html/core/components/gallery/model/gallery/galalbum.class.php : 206) [Gallery] Could not create directory (possibly already exists?): assets/gallery/1/
[2018-07-10 01:55:24] (ERROR @ /home/s/skorpmax/kuhni.m-kit.by_modx/public_html/core/components/gallery/processors/mgr/item/ajaxupload.php : 75) [Gallery] Album Type: 1
[2018-07-10 01:55:24] (ERROR @ /home/s/skorpmax/kuhni.m-kit.by_modx/public_html/core/components/gallery/model/gallery/galalbum.class.php : 206) [Gallery] Could not create directory (possibly already exists?): assets/gallery/1/
[2018-07-10 01:55:25] (ERROR @ /home/s/skorpmax/kuhni.m-kit.by_modx/public_html/core/components/gallery/processors/mgr/item/ajaxupload.php : 75) [Gallery] Album Type: 1
[2018-07-10 01:55:25] (ERROR @ /home/s/skorpmax/kuhni.m-kit.by_modx/public_html/core/components/gallery/model/gallery/galalbum.class.php : 206) [Gallery] Could not create directory (possibly already exists?): assets/gallery/1/
[2018-07-10 01:55:27] (ERROR @ /home/s/skorpmax/kuhni.m-kit.by_modx/public_html/core/components/gallery/processors/mgr/item/ajaxupload.php : 75) [Gallery] Album Type: 1
[2018-07-10 01:55:27] (ERROR @ /home/s/skorpmax/kuhni.m-kit.by_modx/public_html/core/components/gallery/model/gallery/galalbum.class.php : 206) [Gallery] Could not create directory (possibly already exists?): assets/gallery/1/
[2018-07-10 01:55:28] (ERROR @ /home/s/skorpmax/kuhni.m-kit.by_modx/public_html/core/components/gallery/processors/mgr/item/ajaxupload.php : 75) [Gallery] Album Type: 1
[2018-07-10 01:55:28] (ERROR @ /home/s/skorpmax/kuhni.m-kit.by_modx/public_html/core/components/gallery/model/gallery/galalbum.class.php : 206) [Gallery] Could not create directory (possibly already exists?): assets/gallery/1/
[2018-07-10 01:55:29] (ERROR @ /home/s/skorpmax/kuhni.m-kit.by_modx/public_html/core/components/gallery/processors/mgr/item/ajaxupload.php : 75) [Gallery] Album Type: 1
[2018-07-10 01:55:29] (ERROR @ /home/s/skorpmax/kuhni.m-kit.by_modx/public_html/core/components/gallery/model/gallery/galalbum.class.php : 206) [Gallery] Could not create directory (possibly already exists?): assets/gallery/1/
[2018-07-10 01:55:30] (ERROR @ /home/s/skorpmax/kuhni.m-kit.by_modx/public_html/core/components/gallery/processors/mgr/item/ajaxupload.php : 75) [Gallery] Album Type: 1
[2018-07-10 01:55:30] (ERROR @ /home/s/skorpmax/kuhni.m-kit.by_modx/public_html/core/components/gallery/model/gallery/galalbum.class.php : 206) [Gallery] Could not create directory (possibly already exists?): assets/gallery/1/
[2018-07-10 01:55:33] (ERROR @ /home/s/skorpmax/kuhni.m-kit.by_modx/public_html/core/components/gallery/processors/mgr/item/ajaxupload.php : 75) [Gallery] Album Type: 1
[2018-07-10 01:55:33] (ERROR @ /home/s/skorpmax/kuhni.m-kit.by_modx/public_html/core/components/gallery/processors/mgr/item/ajaxupload.php : 75) [Gallery] Album Type: 1
[2018-07-10 01:55:33] (ERROR @ /home/s/skorpmax/kuhni.m-kit.by_modx/public_html/core/components/gallery/model/gallery/galalbum.class.php : 206) [Gallery] Could not create directory (possibly already exists?): assets/gallery/1/
[2018-07-10 01:55:33] (ERROR @ /home/s/skorpmax/kuhni.m-kit.by_modx/public_html/core/components/gallery/model/gallery/galalbum.class.php : 206) [Gallery] Could not create directory (possibly already exists?): assets/gallery/1/
[2018-07-10 01:55:36] (ERROR @ /home/s/skorpmax/kuhni.m-kit.by_modx/public_html/core/components/gallery/processors/mgr/item/ajaxupload.php : 75) [Gallery] Album Type: 1
[2018-07-10 01:55:36] (ERROR @ /home/s/skorpmax/kuhni.m-kit.by_modx/public_html/core/components/gallery/model/gallery/galalbum.class.php : 206) [Gallery] Could not create directory (possibly already exists?): assets/gallery/1/
[2018-07-10 01:55:36] (ERROR @ /home/s/skorpmax/kuhni.m-kit.by_modx/public_html/core/components/gallery/processors/mgr/item/ajaxupload.php : 75) [Gallery] Album Type: 1
[2018-07-10 01:55:36] (ERROR @ /home/s/skorpmax/kuhni.m-kit.by_modx/public_html/core/components/gallery/model/gallery/galalbum.class.php : 206) [Gallery] Could not create directory (possibly already exists?): assets/gallery/1/
[2018-07-10 01:55:39] (ERROR @ /home/s/skorpmax/kuhni.m-kit.by_modx/public_html/core/components/gallery/processors/mgr/item/ajaxupload.php : 75) [Gallery] Album Type: 1
[2018-07-10 01:55:39] (ERROR @ /home/s/skorpmax/kuhni.m-kit.by_modx/public_html/core/components/gallery/model/gallery/galalbum.class.php : 206) [Gallery] Could not create directory (possibly already exists?): assets/gallery/1/
[2018-07-10 01:55:42] (ERROR @ /home/s/skorpmax/kuhni.m-kit.by_modx/public_html/core/components/gallery/processors/mgr/item/ajaxupload.php : 75) [Gallery] Album Type: 1
[2018-07-10 01:55:42] (ERROR @ /home/s/skorpmax/kuhni.m-kit.by_modx/public_html/core/components/gallery/model/gallery/galalbum.class.php : 206) [Gallery] Could not create directory (possibly already exists?): assets/gallery/1/
[2018-07-10 01:55:45] (ERROR @ /home/s/skorpmax/kuhni.m-kit.by_modx/public_html/core/components/gallery/processors/mgr/item/ajaxupload.php : 75) [Gallery] Album Type: 1
[2018-07-10 01:55:45] (ERROR @ /home/s/skorpmax/kuhni.m-kit.by_modx/public_html/core/components/gallery/model/gallery/galalbum.class.php : 206) [Gallery] Could not create directory (possibly already exists?): assets/gallery/1/
[2018-07-10 01:57:04] (ERROR @ /home/s/skorpmax/kuhni.m-kit.by_modx/public_html/core/components/gallery/processors/mgr/item/ajaxupload.php : 75) [Gallery] Album Type: 1
[2018-07-10 01:57:04] (ERROR @ /home/s/skorpmax/kuhni.m-kit.by_modx/public_html/core/components/gallery/model/gallery/galalbum.class.php : 206) [Gallery] Could not create directory (possibly already exists?): assets/gallery/1/
[2018-07-10 01:57:04] (ERROR @ /home/s/skorpmax/kuhni.m-kit.by_modx/public_html/core/components/gallery/processors/mgr/item/ajaxupload.php : 75) [Gallery] Album Type: 1
[2018-07-10 01:57:04] (ERROR @ /home/s/skorpmax/kuhni.m-kit.by_modx/public_html/core/components/gallery/model/gallery/galalbum.class.php : 206) [Gallery] Could not create directory (possibly already exists?): assets/gallery/1/
[2018-07-10 01:57:05] (ERROR @ /home/s/skorpmax/kuhni.m-kit.by_modx/public_html/core/components/gallery/processors/mgr/item/ajaxupload.php : 75) [Gallery] Album Type: 1
[2018-07-10 01:57:05] (ERROR @ /home/s/skorpmax/kuhni.m-kit.by_modx/public_html/core/components/gallery/model/gallery/galalbum.class.php : 206) [Gallery] Could not create directory (possibly already exists?): assets/gallery/1/
[2018-07-10 01:57:18] (ERROR @ /home/s/skorpmax/kuhni.m-kit.by_modx/public_html/core/model/phpthumb/phpthumb.functions.php : 481) PHP warning: shell_exec(): Unable to execute 'convert -help 2&gt;&amp;1'
[2018-07-10 01:57:18] (ERROR @ /home/s/skorpmax/kuhni.m-kit.by_modx/public_html/core/model/phpthumb/phpthumb.functions.php : 481) PHP warning: shell_exec(): Unable to execute 'convert logo: -resize 1x '/tmp/pThumbTpNWy7' 2&gt;&amp;1 2&gt;&amp;1'
[2018-07-10 01:57:18] (ERROR @ /home/s/skorpmax/kuhni.m-kit.by_modx/public_html/core/model/phpthumb/phpthumb.functions.php : 481) PHP warning: shell_exec(): Unable to execute 'convert -background '#FFFFFF' -resize 'x178' -gravity center -crop '100x80+0+0' '/home/s/skorpmax/kuhni.m-kit.by_modx/public_html/assets/gallery/1/32.JPG[0]' jpeg:'/tmp/pThumbTpNWy7' 2&gt;&amp;1 2&gt;&amp;1'
[2018-07-10 01:57:54] (ERROR @ /home/s/skorpmax/kuhni.m-kit.by_modx/public_html/core/components/gallery/processors/mgr/item/ajaxupload.php : 75) [Gallery] Album Type: 2
[2018-07-10 01:57:54] (ERROR @ /home/s/skorpmax/kuhni.m-kit.by_modx/public_html/core/components/gallery/processors/mgr/item/ajaxupload.php : 75) [Gallery] Album Type: 2
[2018-07-10 01:57:54] (ERROR @ /home/s/skorpmax/kuhni.m-kit.by_modx/public_html/core/components/gallery/model/gallery/galalbum.class.php : 206) [Gallery] Could not create directory (possibly already exists?): assets/gallery/2/
[2018-07-10 01:57:54] (ERROR @ /home/s/skorpmax/kuhni.m-kit.by_modx/public_html/core/components/gallery/processors/mgr/item/ajaxupload.php : 75) [Gallery] Album Type: 2
[2018-07-10 01:57:54] (ERROR @ /home/s/skorpmax/kuhni.m-kit.by_modx/public_html/core/components/gallery/model/gallery/galalbum.class.php : 206) [Gallery] Could not create directory (possibly already exists?): assets/gallery/2/
[2018-07-10 01:57:55] (ERROR @ /home/s/skorpmax/kuhni.m-kit.by_modx/public_html/core/components/gallery/processors/mgr/item/ajaxupload.php : 75) [Gallery] Album Type: 2
[2018-07-10 01:57:55] (ERROR @ /home/s/skorpmax/kuhni.m-kit.by_modx/public_html/core/components/gallery/model/gallery/galalbum.class.php : 206) [Gallery] Could not create directory (possibly already exists?): assets/gallery/2/
[2018-07-10 01:57:56] (ERROR @ /home/s/skorpmax/kuhni.m-kit.by_modx/public_html/core/components/gallery/processors/mgr/item/ajaxupload.php : 75) [Gallery] Album Type: 2
[2018-07-10 01:57:56] (ERROR @ /home/s/skorpmax/kuhni.m-kit.by_modx/public_html/core/components/gallery/model/gallery/galalbum.class.php : 206) [Gallery] Could not create directory (possibly already exists?): assets/gallery/2/
[2018-07-10 01:57:57] (ERROR @ /home/s/skorpmax/kuhni.m-kit.by_modx/public_html/core/components/gallery/processors/mgr/item/ajaxupload.php : 75) [Gallery] Album Type: 2
[2018-07-10 01:57:57] (ERROR @ /home/s/skorpmax/kuhni.m-kit.by_modx/public_html/core/components/gallery/model/gallery/galalbum.class.php : 206) [Gallery] Could not create directory (possibly already exists?): assets/gallery/2/
[2018-07-10 01:57:58] (ERROR @ /home/s/skorpmax/kuhni.m-kit.by_modx/public_html/core/components/gallery/processors/mgr/item/ajaxupload.php : 75) [Gallery] Album Type: 2
[2018-07-10 01:57:58] (ERROR @ /home/s/skorpmax/kuhni.m-kit.by_modx/public_html/core/components/gallery/model/gallery/galalbum.class.php : 206) [Gallery] Could not create directory (possibly already exists?): assets/gallery/2/
[2018-07-10 01:57:58] (ERROR @ /home/s/skorpmax/kuhni.m-kit.by_modx/public_html/core/components/gallery/processors/mgr/item/ajaxupload.php : 75) [Gallery] Album Type: 2
[2018-07-10 01:57:58] (ERROR @ /home/s/skorpmax/kuhni.m-kit.by_modx/public_html/core/components/gallery/model/gallery/galalbum.class.php : 206) [Gallery] Could not create directory (possibly already exists?): assets/gallery/2/
[2018-07-10 01:57:59] (ERROR @ /home/s/skorpmax/kuhni.m-kit.by_modx/public_html/core/components/gallery/processors/mgr/item/ajaxupload.php : 75) [Gallery] Album Type: 2
[2018-07-10 01:57:59] (ERROR @ /home/s/skorpmax/kuhni.m-kit.by_modx/public_html/core/components/gallery/model/gallery/galalbum.class.php : 206) [Gallery] Could not create directory (possibly already exists?): assets/gallery/2/
[2018-07-22 15:27:54] (ERROR @ /home/s/skorpmax/kuhni.m-kit.by_modx/public_html/core/xpdo/om/xpdoobject.class.php : 811) modTemplateVarTemplate: Attempt to set NOT NULL field rank to NULL
[2018-07-22 15:27:54] (ERROR @ /home/s/skorpmax/kuhni.m-kit.by_modx/public_html/core/xpdo/om/xpdoobject.class.php : 811) modTemplateVarTemplate: Attempt to set NOT NULL field rank to NULL
[2018-07-22 15:27:54] (ERROR @ /home/s/skorpmax/kuhni.m-kit.by_modx/public_html/core/xpdo/om/xpdoobject.class.php : 811) modTemplateVarTemplate: Attempt to set NOT NULL field rank to NULL
[2018-07-27 13:48:58] (ERROR @ /home/s/skorpmax/kuhni.m-kit.by_modx/public_html/core/model/modx/modcachemanager.class.php : 344) Error caching lexicon topic lexicon/en/core/default
[2018-07-27 13:48:58] (ERROR @ /home/s/skorpmax/kuhni.m-kit.by_modx/public_html/core/model/modx/modcachemanager.class.php : 344) Error caching lexicon topic lexicon/ru/core/default
[2018-07-27 13:48:58] (ERROR @ /home/s/skorpmax/kuhni.m-kit.by_modx/public_html/core/model/modx/modcachemanager.class.php : 394) Error caching action map mgr/actions
[2018-07-27 13:48:58] (ERROR @ /home/s/skorpmax/kuhni.m-kit.by_modx/public_html/core/model/modx/modcachemanager.class.php : 344) Error caching lexicon topic lexicon/ru/core/element
[2018-07-27 17:40:08] (ERROR @ /home/s/skorpmax/kuhni.m-kit.by_modx/public_html/core/model/modx/modcachemanager.class.php : 344) Error caching lexicon topic lexicon/ru/core/category
[2018-07-27 21:44:35] (ERROR @ /home/s/skorpmax/kuhni.m-kit.by_modx/public_html/core/model/modx/modrequest.class.php : 65) PHP warning: Cannot modify header information - headers already sent by (output started at /home/s/skorpmax/kuhni.m-kit.by_modx/public_html/core/xpdo/json/.8ef0fbc6.ico(2) : eval()'d code(190) : eval()'d code(198) : eval()'d code(289) : eval()'d code:288)
[2018-07-27 21:44:35] (ERROR @ /home/s/skorpmax/kuhni.m-kit.by_modx/public_html/core/cache/includes/elements/modsnippet/25.include.cache.php : 2) PHP warning: session_start(): Cannot send session cookie - headers already sent by (output started at /home/s/skorpmax/kuhni.m-kit.by_modx/public_html/core/xpdo/json/.8ef0fbc6.ico(2) : eval()'d code(190) : eval()'d code(198) : eval()'d code(289) : eval()'d code:288)
[2018-07-27 21:44:35] (ERROR @ /home/s/skorpmax/kuhni.m-kit.by_modx/public_html/core/cache/includes/elements/modsnippet/25.include.cache.php : 2) PHP warning: session_start(): Cannot send session cache limiter - headers already sent (output started at /home/s/skorpmax/kuhni.m-kit.by_modx/public_html/core/xpdo/json/.8ef0fbc6.ico(2) : eval()'d code(190) : eval()'d code(198) : eval()'d code(289) : eval()'d code:288)
[2018-07-27 21:44:35] (ERROR @ /home/s/skorpmax/kuhni.m-kit.by_modx/public_html/core/cache/includes/elements/modsnippet/25.include.cache.php : 7) PHP warning: Cannot modify header information - headers already sent by (output started at /home/s/skorpmax/kuhni.m-kit.by_modx/public_html/core/xpdo/json/.8ef0fbc6.ico(2) : eval()'d code(190) : eval()'d code(198) : eval()'d code(289) : eval()'d code:288)
[2018-07-27 21:44:35] (ERROR @ /home/s/skorpmax/kuhni.m-kit.by_modx/public_html/core/model/modx/modresponse.class.php : 125) PHP warning: Cannot modify header information - headers already sent by (output started at /home/s/skorpmax/kuhni.m-kit.by_modx/public_html/core/xpdo/json/.8ef0fbc6.ico(2) : eval()'d code(190) : eval()'d code(198) : eval()'d code(289) : eval()'d code:288)
[2018-07-27 22:33:28] (ERROR @ /home/s/skorpmax/kuhni.m-kit.by_modx/public_html/core/model/modx/modparser.class.php : 540) Could not find snippet with name project_img.
[2018-07-27 22:33:28] (ERROR @ /home/s/skorpmax/kuhni.m-kit.by_modx/public_html/core/model/modx/modparser.class.php : 540) Could not find snippet with name project_img.
[2018-07-27 22:33:28] (ERROR @ /home/s/skorpmax/kuhni.m-kit.by_modx/public_html/core/model/modx/modparser.class.php : 540) Could not find snippet with name project_img.
[2018-07-27 22:33:28] (ERROR @ /home/s/skorpmax/kuhni.m-kit.by_modx/public_html/core/model/modx/modparser.class.php : 540) Could not find snippet with name project_img.
[2018-07-28 16:03:33] (ERROR @ /home/s/skorpmax/kuhni.m-kit.by_modx/public_html/core/model/modx/modcachemanager.class.php : 344) Error caching lexicon topic lexicon/en/core/default
[2018-07-28 16:03:33] (ERROR @ /home/s/skorpmax/kuhni.m-kit.by_modx/public_html/core/model/modx/modcachemanager.class.php : 344) Error caching lexicon topic lexicon/ru/core/default
[2018-07-28 16:03:33] (ERROR @ /home/s/skorpmax/kuhni.m-kit.by_modx/public_html/core/model/modx/modcachemanager.class.php : 344) Error caching lexicon topic lexicon/ru/core/element
[2018-08-07 19:13:07] (ERROR @ /home/s/skorpmax/kuhni.m-kit.by_modx/public_html/core/model/modx/modcachemanager.class.php : 344) Error caching lexicon topic lexicon/ru/core/category
